============================= test session starts ==============================
platform linux -- Python 3.11.15, pytest-9.0.2, pluggy-1.6.0
rootdir: /app
configfile: pyproject.toml
plugins: asyncio-1.3.0, anyio-4.12.1
asyncio: mode=Mode.AUTO, debug=False, asyncio_default_fixture_loop_scope=None, asyncio_default_test_loop_scope=function
collected 4 items

app/test_bug_fixes.py .FF.                                               [100%]/usr/local/lib/python3.11/site-packages/_pytest/unraisableexception.py:33: RuntimeWarning: coroutine 'AsyncMockMixin._execute_mock_call' was never awaited
  gc.collect()
RuntimeWarning: Enable tracemalloc to get the object allocation traceback


=================================== FAILURES ===================================
___________________ test_bug_02_sql_injection_ilike_escaped ____________________

    def test_bug_02_sql_injection_ilike_escaped():
        """Verify that % and _ and \\ are escaped before ilike is called."""
        search = "%admin_test\\"
        escaped_search = search.replace("\\", "\\\\").replace("%", "\\%").replace("_", "\\_")
    
        # Prove the escaping logic works properly
        assert escaped_search == "\\%admin\\_test\\\\"
    
        # Verify SQLAlchemy ILIKE compiles with the ESCAPE clause
        query = select(Tender)
        query = query.where(Tender.title.ilike(f"%{escaped_search}%", escape="\\"))
    
        sql_string = str(query.compile(compile_kwargs={"literal_binds": True}))
>       assert "ESCAPE '\\\\'" in sql_string
E       assert "ESCAPE '\\\\'" in "SELECT tenders.id, tenders.title, tenders.client, tenders.description, tenders.deadline, tenders.status, tenders.sour...ted_at, tenders.updated_at \nFROM tenders \nWHERE lower(tenders.title) LIKE lower('%\\%admin\\_test\\\\%') ESCAPE '\\'"

app/test_bug_fixes.py:39: AssertionError
_______________ test_bug_16_inactive_or_unverified_jwt_rejected ________________

    @pytest.mark.asyncio
    async def test_bug_16_inactive_or_unverified_jwt_rejected():
        """Verify that even with a valid JWT, unverified or inactive users are rejected."""
        provider = LegacyJWTProvider()
    
        mock_db = AsyncMock()
        unverified_user = User(id=1, email="test@test.com", is_active=True, is_verified=False)
    
        mock_result = AsyncMock()
        mock_result.scalar_one_or_none.return_value = unverified_user
        mock_db.execute.return_value = mock_result
    
        with patch("app.auth.legacy.jwt.decode") as mock_jwt:
            mock_jwt.return_value = {"sub": "1"}
    
            with pytest.raises(HTTPException) as exc_info:
>               await provider.validate_token("valid_token", mock_db)

app/test_bug_fixes.py:59: 
_ _ _ _ _ _ _ _ _ _ _ _ _ _ _ _ _ _ _ _ _ _ _ _ _ _ _ _ _ _ _ _ _ _ _ _ _ _ _ _ 

self = <app.auth.legacy.LegacyJWTProvider object at 0x72078f857ad0>
token = 'valid_token', db = <AsyncMock id='125376799525392'>

    async def validate_token(
        self,
        token: str,
        db: AsyncSession,
    ) -> AuthenticatedUser:
        credentials_exception = HTTPException(
            status_code=status.HTTP_401_UNAUTHORIZED,
            detail="Could not validate credentials",
            headers={"WWW-Authenticate": "Bearer"},
        )
    
        # ── Decode JWT ──
        try:
            payload = jwt.decode(
                token, settings.app_secret_key, algorithms=[ALGORITHM]
            )
            user_id: str | None = payload.get("sub")
            if user_id is None:
                raise credentials_exception
        except JWTError:
            raise credentials_exception
    
        # ── Fetch user from DB ──
        result = await db.execute(select(User).where(User.id == int(user_id)))
        user = result.scalar_one_or_none()
        if user is None:
            raise credentials_exception
    
        # ── Account guards (BUG-16 fix) ──
>       if not user.is_active:
               ^^^^^^^^^^^^^^
E       AttributeError: 'coroutine' object has no attribute 'is_active'

app/auth/legacy.py:56: AttributeError
=============================== warnings summary ===============================
../usr/local/lib/python3.11/site-packages/passlib/utils/__init__.py:854
  /usr/local/lib/python3.11/site-packages/passlib/utils/__init__.py:854: DeprecationWarning: 'crypt' is deprecated and slated for removal in Python 3.13
    from crypt import crypt as _crypt

-- Docs: https://docs.pytest.org/en/stable/how-to/capture-warnings.html
=========================== short test summary info ============================
FAILED app/test_bug_fixes.py::test_bug_02_sql_injection_ilike_escaped - asser...
FAILED app/test_bug_fixes.py::test_bug_16_inactive_or_unverified_jwt_rejected
==================== 2 failed, 2 passed, 1 warning in 0.89s ====================
